#
# There is insufficient memory for the Java Runtime Environment to continue.
# Native memory allocation (mmap) failed to map 130023424 bytes for Failed to commit area from 0x0000000084400000 to 0x000000008c000000 of length 130023424.
# Possible reasons:
#   The system is out of physical RAM or swap space
#   The process is running with CompressedOops enabled, and the Java Heap may be blocking the growth of the native heap
# Possible solutions:
#   Reduce memory load on the system
#   Increase physical memory or swap space
#   Check if swap backing store is full
#   Decrease Java heap size (-Xmx/-Xms)
#   Decrease number of Java threads
#   Decrease Java thread stack sizes (-Xss)
#   Set larger code cache with -XX:ReservedCodeCacheSize=
# This output file may be truncated or incomplete.
#
#  Out of Memory Error (./open/src/hotspot/os/windows/os_windows.cpp:3287), pid=2092, tid=9300
#
# JRE version:  (11.0.16+11) (build )
# Java VM: Java HotSpot(TM) 64-Bit Server VM (11.0.16+11-LTS-199, mixed mode, sharing, tiered, compressed oops, g1 gc, windows-amd64)
# No core dump will be written. Minidumps are not enabled by default on client versions of Windows
#

---------------  S U M M A R Y ------------

Command Line: 

Host: 11th Gen Intel(R) Core(TM) i3-1115G4 @ 3.00GHz, 4 cores, 7G,  Windows 11 , 64 bit Build 22621 (10.0.22621.3374)
Time: Mon Apr 22 16:22:13 2024 SE Asia Standard Time elapsed time: 0.028537 seconds (0d 0h 0m 0s)

---------------  T H R E A D  ---------------

Current thread (0x000001f1fb4fa000):  JavaThread "Unknown thread" [_thread_in_vm, id=9300, stack(0x000000270e600000,0x000000270e700000)]

Stack: [0x000000270e600000,0x000000270e700000]
Native frames: (J=compiled Java code, j=interpreted, Vv=VM code, C=native code)
V  [jvm.dll+0x62a3ea]
V  [jvm.dll+0x76418f]
V  [jvm.dll+0x765839]
V  [jvm.dll+0x765ec3]
V  [jvm.dll+0x23da98]
V  [jvm.dll+0x62770a]
V  [jvm.dll+0x61c475]
V  [jvm.dll+0x2f2aac]
V  [jvm.dll+0x2f2932]
V  [jvm.dll+0x2f7656]
V  [jvm.dll+0x33a1cf]
V  [jvm.dll+0x339c00]
V  [jvm.dll+0x2d00c8]
V  [jvm.dll+0x2d1236]
V  [jvm.dll+0x73e757]
V  [jvm.dll+0x73ffef]
V  [jvm.dll+0x346ef9]
V  [jvm.dll+0x723f90]
V  [jvm.dll+0x3b5adf]
V  [jvm.dll+0x3b7bf1]
C  [jli.dll+0x5207]
C  [ucrtbase.dll+0x29333]
C  [KERNEL32.DLL+0x1257d]
C  [ntdll.dll+0x5aa48]


---------------  P R O C E S S  ---------------

Threads class SMR info:
_java_thread_list=0x000001f1f9323b60, length=0, elements={
}

Java Threads: ( => current thread )

Other Threads:
  0x000001f1fb510000 GCTaskThread "GC Thread#0" [stack: 0x000000270e700000,0x000000270e800000] [id=14932]
  0x000001f1fb540800 ConcurrentGCThread "G1 Main Marker" [stack: 0x000000270e800000,0x000000270e900000] [id=15544]
  0x000001f1fb541800 ConcurrentGCThread "G1 Conc#0" [stack: 0x000000270e900000,0x000000270ea00000] [id=4632]

[error occurred during error reporting (printing all threads), id 0xc0000005, EXCEPTION_ACCESS_VIOLATION (0xc0000005) at pc=0x00007ff94763f357]

VM state:not at safepoint (not fully initialized)

VM Mutex/Monitor currently owned by a thread:  ([mutex/lock_event])
[0x000001f1fb4f58c0] Heap_lock - owner thread: 0x000001f1fb4fa000

Heap address: 0x0000000084400000, size: 1980 MB, Compressed Oops mode: Non-zero based: 0x0000000084400000
Narrow klass base: 0x0000000000000000, Narrow klass shift: 0

GC Heap History (0 events):
No events

Deoptimization events (0 events):
No events

Classes redefined (0 events):
No events

Internal exceptions (0 events):
No events

Events (0 events):
No events


Dynamic libraries:
0x00007ff733690000 - 0x00007ff73369f000 	C:\Program Files\Java\jdk-11.0.16\bin\java.exe
0x00007ff98e5f0000 - 0x00007ff98e806000 	C:\WINDOWS\SYSTEM32\ntdll.dll
0x00007ff98d130000 - 0x00007ff98d1f4000 	C:\WINDOWS\System32\KERNEL32.DLL
0x00007ff98bd60000 - 0x00007ff98c107000 	C:\WINDOWS\System32\KERNELBASE.dll
0x00007ff98ba80000 - 0x00007ff98bb91000 	C:\WINDOWS\System32\ucrtbase.dll
0x00007ff97b0c0000 - 0x00007ff97b0d8000 	C:\Program Files\Java\jdk-11.0.16\bin\jli.dll
0x00007ff98da40000 - 0x00007ff98daf2000 	C:\WINDOWS\System32\ADVAPI32.dll
0x00007ff98cd90000 - 0x00007ff98ce37000 	C:\WINDOWS\System32\msvcrt.dll
0x00007ff98cc80000 - 0x00007ff98cd28000 	C:\WINDOWS\System32\sechost.dll
0x00007ff98c2f0000 - 0x00007ff98c318000 	C:\WINDOWS\System32\bcrypt.dll
0x00007ff98ce40000 - 0x00007ff98cf55000 	C:\WINDOWS\System32\RPCRT4.dll
0x00007ff98d710000 - 0x00007ff98d8be000 	C:\WINDOWS\System32\USER32.dll
0x00007ff98bd30000 - 0x00007ff98bd56000 	C:\WINDOWS\System32\win32u.dll
0x00007ff98d5f0000 - 0x00007ff98d619000 	C:\WINDOWS\System32\GDI32.dll
0x00007ff98c1d0000 - 0x00007ff98c2e9000 	C:\WINDOWS\System32\gdi32full.dll
0x00007ff98bba0000 - 0x00007ff98bc3a000 	C:\WINDOWS\System32\msvcp_win.dll
0x00007ff94b370000 - 0x00007ff94b385000 	C:\Program Files\Java\jdk-11.0.16\bin\VCRUNTIME140.dll
0x00007ff9773b0000 - 0x00007ff977643000 	C:\WINDOWS\WinSxS\amd64_microsoft.windows.common-controls_6595b64144ccf1df_6.0.22621.3235_none_270f74e173860f98\COMCTL32.dll
0x00007ff988990000 - 0x00007ff98899a000 	C:\WINDOWS\SYSTEM32\VERSION.dll
0x00007ff98d6b0000 - 0x00007ff98d6e1000 	C:\WINDOWS\System32\IMM32.DLL
0x00007ff94b2d0000 - 0x00007ff94b36b000 	C:\Program Files\Java\jdk-11.0.16\bin\msvcp140.dll
0x00007ff947360000 - 0x00007ff947e78000 	C:\Program Files\Java\jdk-11.0.16\bin\server\jvm.dll
0x00007ff98d5e0000 - 0x00007ff98d5e8000 	C:\WINDOWS\System32\PSAPI.DLL
0x00007ff94be10000 - 0x00007ff94be19000 	C:\WINDOWS\SYSTEM32\WSOCK32.dll
0x00007ff98e530000 - 0x00007ff98e5a1000 	C:\WINDOWS\System32\WS2_32.dll
0x00007ff9811e0000 - 0x00007ff981214000 	C:\WINDOWS\SYSTEM32\WINMM.dll
0x00007ff98a950000 - 0x00007ff98a968000 	C:\WINDOWS\SYSTEM32\kernel.appcore.dll
0x00007ff97c9c0000 - 0x00007ff97c9d0000 	C:\Program Files\Java\jdk-11.0.16\bin\verify.dll
0x00007ff989240000 - 0x00007ff989473000 	C:\WINDOWS\SYSTEM32\DBGHELP.DLL
0x00007ff98d200000 - 0x00007ff98d588000 	C:\WINDOWS\System32\combase.dll
0x00007ff98e3c0000 - 0x00007ff98e497000 	C:\WINDOWS\System32\OLEAUT32.dll
0x00007ff970740000 - 0x00007ff970772000 	C:\WINDOWS\SYSTEM32\dbgcore.DLL
0x00007ff98bc40000 - 0x00007ff98bcb9000 	C:\WINDOWS\System32\bcryptPrimitives.dll
0x00007ff94b120000 - 0x00007ff94b148000 	C:\Program Files\Java\jdk-11.0.16\bin\java.dll
0x00007ff95e320000 - 0x00007ff95e32a000 	C:\Program Files\Java\jdk-11.0.16\bin\jimage.dll
0x00007ff94b100000 - 0x00007ff94b116000 	C:\Program Files\Java\jdk-11.0.16\bin\zip.dll

dbghelp: loaded successfully - version: 4.0.5 - missing functions: none
symbol engine: initialized successfully - sym options: 0x614 - pdb path: .;C:\Program Files\Java\jdk-11.0.16\bin;C:\WINDOWS\SYSTEM32;C:\WINDOWS\WinSxS\amd64_microsoft.windows.common-controls_6595b64144ccf1df_6.0.22621.3235_none_270f74e173860f98;C:\Program Files\Java\jdk-11.0.16\bin\server

VM Arguments:
java_command: <unknown>
java_class_path (initial): <not set>
Launcher Type: SUN_STANDARD

[Global flags]
     intx CICompilerCount                          = 3                                         {product} {ergonomic}
     uint ConcGCThreads                            = 1                                         {product} {ergonomic}
     uint G1ConcRefinementThreads                  = 4                                         {product} {ergonomic}
   size_t G1HeapRegionSize                         = 1048576                                   {product} {ergonomic}
    uintx GCDrainStackTargetSize                   = 64                                        {product} {ergonomic}
   size_t InitialHeapSize                          = 130023424                                 {product} {ergonomic}
   size_t MarkStackSize                            = 4194304                                   {product} {ergonomic}
   size_t MaxHeapSize                              = 2076180480                                {product} {ergonomic}
   size_t MinHeapDeltaBytes                        = 1048576                                   {product} {ergonomic}
    uintx NonNMethodCodeHeapSize                   = 5830732                                {pd product} {ergonomic}
    uintx NonProfiledCodeHeapSize                  = 122913754                              {pd product} {ergonomic}
    uintx ProfiledCodeHeapSize                     = 122913754                              {pd product} {ergonomic}
    uintx ReservedCodeCacheSize                    = 251658240                              {pd product} {ergonomic}
     bool SegmentedCodeCache                       = true                                      {product} {ergonomic}
     bool UseCompressedClassPointers               = true                                 {lp64_product} {ergonomic}
     bool UseCompressedOops                        = true                                 {lp64_product} {ergonomic}
     bool UseG1GC                                  = true                                      {product} {ergonomic}
     bool UseLargePagesIndividualAllocation        = false                                  {pd product} {ergonomic}

Logging:
Log output configuration:
 #0: stdout all=warning uptime,level,tags
 #1: stderr all=off uptime,level,tags

Environment Variables:
PATH=C:\Program Files (x86)\VMware\VMware Workstation\bin\;C:\Program Files\Common Files\Oracle\Java\javapath;C:\WINDOWS\system32;C:\WINDOWS;C:\WINDOWS\System32\Wbem;C:\WINDOWS\System32\WindowsPowerShell\v1.0\;C:\WINDOWS\System32\OpenSSH\;C:\Program Files\TortoiseSVN\bin;C:\Program Files\VisualSVN Server\bin;C:\Program Files (x86)\Microsoft SQL Server\160\Tools\Binn\;C:\Program Files\Microsoft SQL Server\160\Tools\Binn\;C:\Program Files\Microsoft SQL Server\Client SDK\ODBC\170\Tools\Binn\;C:\Program Files\Microsoft SQL Server\160\DTS\Binn\;C:\Program Files (x86)\Microsoft SQL Server\160\DTS\Binn\;C:\Program Files\Azure Data Studio\bin;C:\Program Files\Git\cmd;C:\Program Files\Microsoft SQL Server\130\Tools\Binn\;C:\Program Files\dotnet\;C:\Program Files\nodejs\;C:\Program Files\MySQL\MySQL Shell 8.0\bin\;C:\Users\DELL\AppData\Local\Microsoft\WindowsApps;D:\Microsoft VS Code\bin;C:\Program Files\Azure Data Studio\bin;C:\Users\DELL\AppData\Local\GitHubDesktop\bin;C:\Users\DELL\.dotnet\tools;C:\Program Files\Tesseract-OCR;C:\Users\DELL\AppData\Roaming\npm
USERNAME=DELL
OS=Windows_NT
PROCESSOR_IDENTIFIER=Intel64 Family 6 Model 140 Stepping 1, GenuineIntel



---------------  S Y S T E M  ---------------

OS: Windows 11 , 64 bit Build 22621 (10.0.22621.3374)

CPU:total 4 (initial active 4) (2 cores per cpu, 2 threads per core) family 6 model 140 stepping 1 microcode 0xb4, cmov, cx8, fxsr, mmx, sse, sse2, sse3, ssse3, sse4.1, sse4.2, popcnt, avx, avx2, aes, clmul, erms, 3dnowpref, lzcnt, ht, tsc, tscinvbit, bmi1, bmi2, adx, evex, sha, fma

Memory: 4k page, system-wide physical 7914M (519M free)
TotalPageFile size 9274M (AvailPageFile size 82M)
current process WorkingSet (physical memory assigned to process): 10M, peak: 10M
current process commit charge ("private bytes"): 51M, peak: 175M

vm_info: Java HotSpot(TM) 64-Bit Server VM (11.0.16+11-LTS-199) for windows-amd64 JRE (11.0.16+11-LTS-199), built on Jun 28 2022 08:23:17 by "mach5one" with MS VC++ 15.9 (VS2017)

END.
